{"name": "test_sno", "status": "broken", "statusDetails": {"message": "selenium.common.exceptions.TimeoutException: Message: \nStacktrace:\n\tGetHandleVerifier [0x00007FF688F102F5+28725]\n\t(No symbol) [0x00007FF688E72AE0]\n\t(No symbol) [0x00007FF688D0510A]\n\t(No symbol) [0x00007FF688D593D2]\n\t(No symbol) [0x00007FF688D595FC]\n\t(No symbol) [0x00007FF688DA3407]\n\t(No symbol) [0x00007FF688D7FFEF]\n\t(No symbol) [0x00007FF688DA0181]\n\t(No symbol) [0x00007FF688D7FD53]\n\t(No symbol) [0x00007FF688D4A0E3]\n\t(No symbol) [0x00007FF688D4B471]\n\tGetHandleVerifier [0x00007FF68923F30D+3366989]\n\tGetHandleVerifier [0x00007FF6892512F0+3440688]\n\tGetHandleVerifier [0x00007FF6892478FD+3401277]\n\tGetHandleVerifier [0x00007FF688FDAAAB+858091]\n\t(No symbol) [0x00007FF688E7E74F]\n\t(No symbol) [0x00007FF688E7A304]\n\t(No symbol) [0x00007FF688E7A49D]\n\t(No symbol) [0x00007FF688E68B69]\n\tBaseThreadInitThunk [0x00007FFA3540E8D7+23]\n\tRtlUserThreadStart [0x00007FFA370DBF2C+44]", "trace": "self = <tests.test_home_page.TestHomePage testMethod=test_sno>\n\n    def setUp(self):\n        \"\"\"Setup WebDriver and log in before each test.\"\"\"\n        self.driver = DriverManager.get_driver(browser='chrome')\n        self.login_page = LoginPage(self.driver)\n        self.home_page = HomePage(self.driver)\n    \n        # Log in before running home page tests\n        username = os.getenv(\"USERNAME_ENV\")\n        password = os.getenv(\"PASSWORD_ENV\")\n        self.login_page.login(username, password)\n    \n        #Ensure login was successful\n>       WebDriverWait(self.driver, 10).until(\n           EC.presence_of_element_located(self.home_page.HOME_PAGE_IDENTIFIER)  # Adjust selector as needed\n        )\n\ntest_suite\\tests\\test_home_page.py:32: \n_ _ _ _ _ _ _ _ _ _ _ _ _ _ _ _ _ _ _ _ _ _ _ _ _ _ _ _ _ _ _ _ _ _ _ _ _ _ _ _ _ _ _ _ _ _ _ _ _ _ _ _ _ _ _ _ _ _ _ _ _ _ _ _ _ _ _ _ _ _ _ _ _ _ _ _ _ _ _ _ _ _ _ _ _ _ _ _ _ _ _ _ _ _ _ _ _ _ _ _ _\n\nself = <selenium.webdriver.support.wait.WebDriverWait (session=\"399b85dd301cc5cce99d0772abd85f5e\")>, method = <function presence_of_element_located.<locals>._predicate at 0x0000015F6AF5B740>\nmessage = ''\n\n    def until(self, method: Callable[[D], Union[Literal[False], T]], message: str = \"\") -> T:\n        \"\"\"Calls the method provided with the driver as an argument until the \\\n        return value does not evaluate to ``False``.\n    \n        :param method: callable(WebDriver)\n        :param message: optional message for :exc:`TimeoutException`\n        :returns: the result of the last call to `method`\n        :raises: :exc:`selenium.common.exceptions.TimeoutException` if timeout occurs\n        \"\"\"\n        screen = None\n        stacktrace = None\n    \n        end_time = time.monotonic() + self._timeout\n        while True:\n            try:\n                value = method(self._driver)\n                if value:\n                    return value\n            except self._ignored_exceptions as exc:\n                screen = getattr(exc, \"screen\", None)\n                stacktrace = getattr(exc, \"stacktrace\", None)\n            time.sleep(self._poll)\n            if time.monotonic() > end_time:\n                break\n>       raise TimeoutException(message, screen, stacktrace)\nE       selenium.common.exceptions.TimeoutException: Message: \nE       Stacktrace:\nE       \tGetHandleVerifier [0x00007FF688F102F5+28725]\nE       \t(No symbol) [0x00007FF688E72AE0]\nE       \t(No symbol) [0x00007FF688D0510A]\nE       \t(No symbol) [0x00007FF688D593D2]\nE       \t(No symbol) [0x00007FF688D595FC]\nE       \t(No symbol) [0x00007FF688DA3407]\nE       \t(No symbol) [0x00007FF688D7FFEF]\nE       \t(No symbol) [0x00007FF688DA0181]\nE       \t(No symbol) [0x00007FF688D7FD53]\nE       \t(No symbol) [0x00007FF688D4A0E3]\nE       \t(No symbol) [0x00007FF688D4B471]\nE       \tGetHandleVerifier [0x00007FF68923F30D+3366989]\nE       \tGetHandleVerifier [0x00007FF6892512F0+3440688]\nE       \tGetHandleVerifier [0x00007FF6892478FD+3401277]\nE       \tGetHandleVerifier [0x00007FF688FDAAAB+858091]\nE       \t(No symbol) [0x00007FF688E7E74F]\nE       \t(No symbol) [0x00007FF688E7A304]\nE       \t(No symbol) [0x00007FF688E7A49D]\nE       \t(No symbol) [0x00007FF688E68B69]\nE       \tBaseThreadInitThunk [0x00007FFA3540E8D7+23]\nE       \tRtlUserThreadStart [0x00007FFA370DBF2C+44]\n\nC:\\Users\\SHTLP_0060\\AppData\\Roaming\\Python\\Python312\\site-packages\\selenium\\webdriver\\support\\wait.py:105: TimeoutException"}, "description": "Test edit tree button working fine", "start": 1739338418196, "stop": 1739338466252, "uuid": "7240940d-cf0e-4e68-af93-222ef41d0f9b", "historyId": "9518dbd1a465315edbec1088333c7207", "testCaseId": "9518dbd1a465315edbec1088333c7207", "fullName": "test_suite.tests.test_home_page.TestHomePage#test_sno", "labels": [{"name": "parentSuite", "value": "test_suite.tests"}, {"name": "suite", "value": "test_home_page"}, {"name": "subSuite", "value": "TestHomePage"}, {"name": "host", "value": "DESKTOP-RODAF52"}, {"name": "thread", "value": "24160-MainThread"}, {"name": "framework", "value": "pytest"}, {"name": "language", "value": "cpython3"}, {"name": "package", "value": "test_suite.tests.test_home_page"}]}